<?xml version="1.0" encoding="UTF-8"?>
<testng-results skipped="0" failed="1" ignored="0" total="3" passed="2">
  <reporter-output>
  </reporter-output>
  <suite name="Suite" duration-ms="19965" started-at="2020-07-26T16:10:47 EDT" finished-at="2020-07-26T16:11:07 EDT">
    <groups>
    </groups>
    <test name="Test" duration-ms="19965" started-at="2020-07-26T16:10:47 EDT" finished-at="2020-07-26T16:11:07 EDT">
      <class name="testcases.LoginTest">
        <test-method status="PASS" signature="beforeMethod()[pri:0, instance:testcases.LoginTest@2d928643]" name="beforeMethod" is-config="true" duration-ms="6236" started-at="2020-07-26T16:10:47 EDT" finished-at="2020-07-26T16:10:53 EDT">
          <reporter-output>
          </reporter-output>
        </test-method> <!-- beforeMethod -->
        <test-method status="PASS" signature="loginTest_TC00123()[pri:0, instance:testcases.LoginTest@2d928643]" name="loginTest_TC00123" duration-ms="579" started-at="2020-07-26T16:10:53 EDT" finished-at="2020-07-26T16:10:54 EDT">
          <reporter-output>
          </reporter-output>
        </test-method> <!-- loginTest_TC00123 -->
        <test-method status="PASS" signature="afterMethod()[pri:0, instance:testcases.LoginTest@2d928643]" name="afterMethod" is-config="true" duration-ms="868" started-at="2020-07-26T16:10:54 EDT" finished-at="2020-07-26T16:10:55 EDT">
          <reporter-output>
          </reporter-output>
        </test-method> <!-- afterMethod -->
        <test-method status="PASS" signature="beforeMethod()[pri:0, instance:testcases.LoginTest@2d928643]" name="beforeMethod" is-config="true" duration-ms="4800" started-at="2020-07-26T16:10:55 EDT" finished-at="2020-07-26T16:10:59 EDT">
          <reporter-output>
          </reporter-output>
        </test-method> <!-- beforeMethod -->
        <test-method status="PASS" signature="loginTest_TC00128()[pri:0, instance:testcases.LoginTest@2d928643]" name="loginTest_TC00128" duration-ms="545" started-at="2020-07-26T16:10:59 EDT" finished-at="2020-07-26T16:11:00 EDT">
          <reporter-output>
          </reporter-output>
        </test-method> <!-- loginTest_TC00128 -->
        <test-method status="PASS" signature="afterMethod()[pri:0, instance:testcases.LoginTest@2d928643]" name="afterMethod" is-config="true" duration-ms="815" started-at="2020-07-26T16:11:00 EDT" finished-at="2020-07-26T16:11:01 EDT">
          <reporter-output>
          </reporter-output>
        </test-method> <!-- afterMethod -->
        <test-method status="PASS" signature="beforeMethod()[pri:0, instance:testcases.LoginTest@2d928643]" name="beforeMethod" is-config="true" duration-ms="4661" started-at="2020-07-26T16:11:01 EDT" finished-at="2020-07-26T16:11:05 EDT">
          <reporter-output>
          </reporter-output>
        </test-method> <!-- beforeMethod -->
        <test-method status="FAIL" signature="loginTest_TC00178()[pri:0, instance:testcases.LoginTest@2d928643]" name="loginTest_TC00178" duration-ms="546" started-at="2020-07-26T16:11:05 EDT" finished-at="2020-07-26T16:11:06 EDT">
          <exception class="java.lang.AssertionError">
            <message>
              <![CDATA[expected [true] but found [false]]]>
            </message>
            <full-stacktrace>
              <![CDATA[java.lang.AssertionError: expected [true] but found [false]
at org.testng.Assert.fail(Assert.java:97)
at org.testng.Assert.failNotEquals(Assert.java:969)
at org.testng.Assert.assertTrue(Assert.java:43)
at org.testng.Assert.assertTrue(Assert.java:53)
at testcases.LoginTest.loginTest_TC00178(LoginTest.java:46)
at sun.reflect.NativeMethodAccessorImpl.invoke0(Native Method)
at sun.reflect.NativeMethodAccessorImpl.invoke(NativeMethodAccessorImpl.java:62)
at sun.reflect.DelegatingMethodAccessorImpl.invoke(DelegatingMethodAccessorImpl.java:43)
at java.lang.reflect.Method.invoke(Method.java:498)
at org.testng.internal.MethodInvocationHelper.invokeMethod(MethodInvocationHelper.java:134)
at org.testng.internal.TestInvoker.invokeMethod(TestInvoker.java:597)
at org.testng.internal.TestInvoker.invokeTestMethod(TestInvoker.java:173)
at org.testng.internal.MethodRunner.runInSequence(MethodRunner.java:46)
at org.testng.internal.TestInvoker$MethodInvocationAgent.invoke(TestInvoker.java:816)
at org.testng.internal.TestInvoker.invokeTestMethods(TestInvoker.java:146)
at org.testng.internal.TestMethodWorker.invokeTestMethods(TestMethodWorker.java:146)
at org.testng.internal.TestMethodWorker.run(TestMethodWorker.java:128)
at java.util.ArrayList.forEach(ArrayList.java:1257)
at org.testng.TestRunner.privateRun(TestRunner.java:766)
at org.testng.TestRunner.run(TestRunner.java:587)
at org.testng.SuiteRunner.runTest(SuiteRunner.java:384)
at org.testng.SuiteRunner.runSequentially(SuiteRunner.java:378)
at org.testng.SuiteRunner.privateRun(SuiteRunner.java:337)
at org.testng.SuiteRunner.run(SuiteRunner.java:286)
at org.testng.SuiteRunnerWorker.runSuite(SuiteRunnerWorker.java:53)
at org.testng.SuiteRunnerWorker.run(SuiteRunnerWorker.java:96)
at org.testng.TestNG.runSuitesSequentially(TestNG.java:1187)
at org.testng.TestNG.runSuitesLocally(TestNG.java:1109)
at org.testng.TestNG.runSuites(TestNG.java:1039)
at org.testng.TestNG.run(TestNG.java:1007)
at org.apache.maven.surefire.testng.TestNGExecutor.run(TestNGExecutor.java:284)
at org.apache.maven.surefire.testng.TestNGXmlTestSuite.execute(TestNGXmlTestSuite.java:75)
at org.apache.maven.surefire.testng.TestNGProvider.invoke(TestNGProvider.java:119)
at org.apache.maven.surefire.booter.ForkedBooter.runSuitesInProcess(ForkedBooter.java:428)
at org.apache.maven.surefire.booter.ForkedBooter.execute(ForkedBooter.java:162)
at org.apache.maven.surefire.booter.ForkedBooter.run(ForkedBooter.java:562)
at org.apache.maven.surefire.booter.ForkedBooter.main(ForkedBooter.java:548)
]]>
            </full-stacktrace>
          </exception> <!-- java.lang.AssertionError -->
          <reporter-output>
          </reporter-output>
        </test-method> <!-- loginTest_TC00178 -->
        <test-method status="PASS" signature="afterMethod()[pri:0, instance:testcases.LoginTest@2d928643]" name="afterMethod" is-config="true" duration-ms="862" started-at="2020-07-26T16:11:06 EDT" finished-at="2020-07-26T16:11:07 EDT">
          <reporter-output>
          </reporter-output>
        </test-method> <!-- afterMethod -->
      </class> <!-- testcases.LoginTest -->
    </test> <!-- Test -->
  </suite> <!-- Suite -->
</testng-results>
